<?xml version="1.0" encoding="UTF-8"?>
<!-- Generated by org.testng.reporters.JUnitReportReporter -->
<testsuite hostname="DESKTOP-V76S8CV" failures="0" tests="2" name="com.qa.bridzelabz.Chrome_And_Edge_Parallel_Test" time="66.759" errors="0" timestamp="2022-10-03T16:00:20 IST" skipped="0">
  <testcase classname="com.qa.bridzelabz.Chrome_And_Edge_Parallel_Test" name="browserSetup" time="34.242"/>
  <system-out/>
  <testcase classname="com.qa.bridzelabz.Chrome_And_Edge_Parallel_Test" name="browserSetup" time="32.517"/>
  <system-out/>
</testsuite> <!-- com.qa.bridzelabz.Chrome_And_Edge_Parallel_Test -->
